\BOOKMARK [1][-]{section.1}{\376\377\000E\000i\000n\000f\000\374\000h\000r\000u\000n\000g}{}% 1
\BOOKMARK [1][-]{section.2}{\376\377\000L\000i\000n\000e\000a\000r\000e\000\040\000G\000l\000e\000i\000c\000h\000u\000n\000g\000s\000s\000y\000s\000t\000e\000m\000e}{}% 2
\BOOKMARK [2][-]{subsection.2.1}{\376\377\000V\000o\000r\000b\000e\000t\000r\000a\000c\000h\000t\000u\000n\000g\000e\000n}{section.2}% 3
\BOOKMARK [2][-]{subsection.2.2}{\376\377\000E\000i\000n\000s\000e\000t\000z\000u\000n\000g\000s\000v\000e\000r\000f\000a\000h\000r\000e\000n}{section.2}% 4
\BOOKMARK [2][-]{subsection.2.3}{\376\377\000G\000l\000e\000i\000c\000h\000s\000e\000t\000z\000u\000n\000g\000s\000v\000e\000r\000f\000a\000h\000r\000e\000n}{section.2}% 5
\BOOKMARK [2][-]{subsection.2.4}{\376\377\000A\000d\000d\000i\000t\000i\000o\000n\000s\000v\000e\000r\000f\000a\000h\000r\000e\000n}{section.2}% 6
\BOOKMARK [2][-]{subsection.2.5}{\376\377\000G\000a\000u\000s\000s\000-\000A\000l\000g\000o\000r\000i\000t\000h\000m\000u\000s}{section.2}% 7
\BOOKMARK [1][-]{section.3}{\376\377\000V\000e\000k\000t\000o\000r\000a\000r\000i\000t\000h\000m\000e\000t\000i\000k}{}% 8
\BOOKMARK [2][-]{subsection.3.1}{\376\377\000V\000e\000k\000t\000o\000r\000e\000n}{section.3}% 9
\BOOKMARK [3][-]{subsubsection.3.1.1}{\376\377\000O\000r\000t\000s\000v\000e\000k\000t\000o\000r\000e\000n}{subsection.3.1}% 10
\BOOKMARK [2][-]{subsection.3.2}{\376\377\000A\000d\000d\000i\000t\000i\000o\000n\000\040\000-\000\040\000S\000u\000b\000t\000r\000a\000k\000t\000i\000o\000n}{section.3}% 11
\BOOKMARK [3][-]{subsubsection.3.2.1}{\376\377\000K\000o\000n\000s\000t\000r\000u\000k\000t\000i\000o\000n\000\040\000v\000o\000n\000\040\000V\000e\000k\000t\000o\000r\000e\000n\000\040\000a\000u\000s\000\040\000P\000u\000n\000k\000t\000e\000n}{subsection.3.2}% 12
\BOOKMARK [2][-]{subsection.3.3}{\376\377\000M\000u\000l\000t\000i\000p\000l\000i\000k\000a\000t\000i\000o\000n}{section.3}% 13
\BOOKMARK [3][-]{subsubsection.3.3.1}{\376\377\000M\000i\000t\000t\000e\000l\000p\000u\000n\000k\000t\000\040\000d\000e\000r\000\040\000S\000t\000r\000e\000c\000k\000e\000\040\000z\000w\000i\000s\000c\000h\000e\000n\000\040\000z\000w\000e\000i\000\040\000P\000u\000n\000k\000t\000e\000n}{subsection.3.3}% 14
\BOOKMARK [2][-]{subsection.3.4}{\376\377\000B\000e\000t\000r\000a\000g}{section.3}% 15
\BOOKMARK [2][-]{subsection.3.5}{\376\377\000S\000k\000a\000l\000a\000r\000m\000u\000l\000t\000i\000p\000l\000i\000k\000a\000t\000i\000o\000n}{section.3}% 16
\BOOKMARK [2][-]{subsection.3.6}{\376\377\000L\000i\000n\000e\000a\000r\000e\000\040\000A\000b\000h\000\344\000n\000g\000i\000g\000k\000e\000i\000t}{section.3}% 17
\BOOKMARK [2][-]{subsection.3.7}{\376\377\000K\000r\000e\000u\000z\000p\000r\000o\000d\000u\000k\000t}{section.3}% 18
\BOOKMARK [2][-]{subsection.3.8}{\376\377\000G\000e\000o\000m\000e\000t\000r\000i\000s\000c\000h\000e\000\040\000E\000i\000g\000e\000n\000s\000c\000h\000a\000f\000t\000e\000n}{section.3}% 19
\BOOKMARK [1][-]{section.4}{\376\377\000G\000e\000r\000a\000d\000e\000n}{}% 20
\BOOKMARK [2][-]{subsection.4.1}{\376\377\000K\000o\000n\000s\000t\000r\000u\000k\000t\000i\000o\000n\000\040\000v\000o\000n\000\040\000G\000e\000r\000a\000d\000e\000n}{section.4}% 21
\BOOKMARK [3][-]{subsubsection.4.1.1}{\376\377\000G\000e\000g\000e\000b\000e\000n\000\040\000P\000u\000n\000k\000t\000\040\000u\000n\000d\000\040\000R\000i\000c\000h\000t\000u\000n\000g}{subsection.4.1}% 22
\BOOKMARK [3][-]{subsubsection.4.1.2}{\376\377\000G\000e\000g\000e\000b\000e\000n\000\040\000z\000w\000e\000i\000\040\000P\000u\000n\000k\000t\000e}{subsection.4.1}% 23
\BOOKMARK [2][-]{subsection.4.2}{\376\377\000L\000a\000g\000e\000b\000e\000z\000i\000e\000h\000u\000n\000g\000\040\000P\000u\000n\000k\000t\000\040\000u\000n\000d\000\040\000G\000e\000r\000a\000d\000e}{section.4}% 24
\BOOKMARK [3][-]{subsubsection.4.2.1}{\376\377\000L\000i\000e\000g\000t\000\040\000d\000e\000r\000\040\000P\000u\000n\000k\000t\000\040\000P\000\040\000a\000u\000f\000\040\000d\000e\000r\000\040\000G\000e\000r\000a\000d\000e\000?}{subsection.4.2}% 25
\BOOKMARK [3][-]{subsubsection.4.2.2}{\376\377\000N\000\344\000c\000h\000s\000t\000e\000\040\000P\000u\000n\000k\000t\000\040\000a\000u\000f\000\040\000d\000e\000r\000\040\000G\000e\000r\000a\000d\000e\000n}{subsection.4.2}% 26
\BOOKMARK [2][-]{subsection.4.3}{\376\377\000L\000a\000g\000e\000b\000e\000z\000i\000e\000h\000u\000n\000g\000e\000n\000\040\000z\000w\000i\000s\000c\000h\000e\000n\000\040\000G\000e\000r\000a\000d\000e\000n\000\040\000u\000n\000d\000\040\000G\000e\000r\000a\000d\000e\000n}{section.4}% 27
\BOOKMARK [3][-]{subsubsection.4.3.1}{\376\377\000A\000u\000f\000\040\000S\000c\000h\000n\000i\000t\000t\000p\000u\000n\000k\000t\000\040\000P\000r\000\374\000f\000e\000n}{subsection.4.3}% 28
\BOOKMARK [3][-]{subsubsection.4.3.2}{\376\377\000A\000u\000f\000\040\000L\000i\000n\000e\000a\000r\000e\000\040\000A\000b\000h\000\344\000n\000g\000i\000g\000k\000e\000i\000t\000\040\000p\000r\000\374\000f\000e\000n}{subsection.4.3}% 29
\BOOKMARK [2][-]{subsection.4.4}{\376\377\000A\000u\000f\000g\000a\000b\000e\000n}{section.4}% 30
